Arguments: 
  /usr/local/Cellar/node@10/10.24.0/bin/node /usr/local/Cellar/yarn/1.22.10/libexec/bin/yarn.js add --dev nodemon

PATH: 
  /usr/local/bin:/usr/bin:/bin:/usr/sbin:/sbin:/Users/lequeston/Go/bin:/usr/local/opt/go/libexec/bin

Yarn version: 
  1.22.10

Node version: 
  10.24.0

Platform: 
  darwin x64

Trace: 
  SyntaxError: /Users/lequeston/Documents/best/main-project/package.json: Unexpected token } in JSON at position 129
      at JSON.parse (<anonymous>)
      at /usr/local/Cellar/yarn/1.22.10/libexec/lib/cli.js:1625:59
      at Generator.next (<anonymous>)
      at step (/usr/local/Cellar/yarn/1.22.10/libexec/lib/cli.js:310:30)
      at /usr/local/Cellar/yarn/1.22.10/libexec/lib/cli.js:321:13

npm manifest: 
  {
    "name": "best-hack-web-2021",
    "version": "1.0.0",
    "main": "index.js",
    "license": "MIT",
    "scripts": {
      "start": 
    },
    "config": {
      "commitizen": {
        "path": "git-cz"
      }
    },
    "devDependencies": {
      "git-cz": "^4.7.6"
    }
  }

yarn manifest: 
  No manifest

Lockfile: 
  # THIS IS AN AUTOGENERATED FILE. DO NOT EDIT THIS FILE DIRECTLY.
  # yarn lockfile v1
  
  
  git-cz@^4.7.6:
    version "4.7.6"
    resolved "https://registry.yarnpkg.com/git-cz/-/git-cz-4.7.6.tgz#1250c486f01724e801a630b848fd8786f7e67e90"
    integrity sha512-WtQEXqetJSi9LKPI77bMdSQWvLGjE93egVbR0zjXd1KFKrFvo/YE/UuGNcMeBDiwzxfQBhjyV7Hn0YUZ8Q0BcQ==
